<html>
<head>
<title>dbfread build log</title>
<meta http-equiv="Content-Type" content="text/html; charset=utf-8" /></head>
<body>
<tt>
Build started on: <u>29-10-2016 at 01:30.07</u><br />
Build ended on: <u>29-10-2016 at 01:30.08</u><p />
<b>-------------- Build: Debug in dbfread (compiler: GNU GCC Compiler)---------------</b><br />
g++.exe -Wall -std=c++11 -fexceptions -g -fshort-enums -Iinclude -c D:\Development\dbflib\src\DBaseFile.cpp -o obj\Debug\src\DBaseFile.o<br />
D:\Development\dbflib\src\DBaseFile.cpp: In member function 'bool DBaseFile::openFile(std::string)':<br />
<font color="#ff0000">D:\Development\dbflib\src\DBaseFile.cpp:25:53: error: no matching function for call to 'fileNotFoundEx::fileNotFoundEx(const char [16])'</font><br />
   if(!iFile){ throw fileNotFoundEx("File not found."); };<br />
                                                     ^<br />
D:\Development\dbflib\src\DBaseFile.cpp:25:53: note: candidates are:<br />
In file included from D:\Development\dbflib\src\DBaseFile.cpp:9:0:<br />
include/DBaseFile.h:65:7: note: fileNotFoundEx::fileNotFoundEx(const fileNotFoundEx&amp;)<br />
 class fileNotFoundEx : public std::runtime_error{};<br />
       ^<br />
include/DBaseFile.h:65:7: note:   no known conversion for argument 1 from 'const char [16]' to 'const fileNotFoundEx&amp;'<br />
include/DBaseFile.h:65:7: note: fileNotFoundEx::fileNotFoundEx(fileNotFoundEx&amp;&amp;)<br />
include/DBaseFile.h:65:7: note:   no known conversion for argument 1 from 'const char [16]' to 'fileNotFoundEx&amp;&amp;'<br />
<font color="#ff0000">D:\Development\dbflib\src\DBaseFile.cpp:41:7: error: expected primary-expression before ')' token</font><br />
   for()<br />
       ^<br />
<font color="#ff0000">D:\Development\dbflib\src\DBaseFile.cpp:131:28: error: expected ')' before ';' token</font><br />
   iFile.seekg(0, iFile.end);<br />
                            ^<br />
<font color="#ff0000">D:\Development\dbflib\src\DBaseFile.cpp:133:15: error: 'endOfHeader' was not declared in this scope</font><br />
   iFile.seekg(endOfHeader, iFile.beg);<br />
               ^<br />
<font color="#0000ff">D:\Development\dbflib\src\DBaseFile.cpp:36:9: warning: unused variable 'currentByte' [-Wunused-variable]</font><br />
   char* currentByte = new char[1];<br />
         ^<br />
<font color="#0000ff">D:\Development\dbflib\src\DBaseFile.cpp:37:8: warning: unused variable 'fieldDescArray' [-Wunused-variable]</font><br />
   char fieldDescArray[blockSize-1];<br />
        ^<br />
<font color="#0000ff">D:\Development\dbflib\src\DBaseFile.cpp:132:7: warning: unused variable 'fileSizeBytes' [-Wunused-variable]</font><br />
   int fileSizeBytes = iFile.tellg();<br />
       ^<br />
D:\Development\dbflib\src\DBaseFile.cpp: In member function 'std::string DBaseFile::getFileContents(std::ifstream&amp;)':<br />
<font color="#ff0000">D:\Development\dbflib\src\DBaseFile.cpp:197:45: error: conversion from 'const char [1]' to non-scalar type 'std::stringstream {aka std::basic_stringstream&lt;char&gt;}' requested</font><br />
  std::stringstream tempContentsFileStream = "";<br />
                                             ^<br />
<font color="#ff0000">D:\Development\dbflib\src\DBaseFile.cpp:200:32: error: use of deleted function 'unexpectedHeaderEndEx::unexpectedHeaderEndEx()'</font><br />
    throw unexpectedHeaderEndEx();<br />
                                ^<br />
In file included from D:\Development\dbflib\src\DBaseFile.cpp:9:0:<br />
include/DBaseFile.h:68:7: note: 'unexpectedHeaderEndEx::unexpectedHeaderEndEx()' is implicitly deleted because the default definition would be ill-formed:<br />
 class unexpectedHeaderEndEx : public std::runtime_error{<br />
       ^<br />
<font color="#ff0000">include/DBaseFile.h:68:7: error: no matching function for call to 'std::runtime_error::runtime_error()'</font><br />
include/DBaseFile.h:68:7: note: candidates are:<br />
In file included from D:\Development\dbflib\src\DBaseFile.cpp:3:0:<br />
D:/Development/SFMLearn/x86_64-4.9.2-release-posix-seh-rt_v4-rev2/mingw64/x86_64-w64-mingw32/include/c++/stdexcept:119:5: note: std::runtime_error::runtime_error(const string&amp;)<br />
     runtime_error(const string&amp; __arg);<br />
     ^<br />
D:/Development/SFMLearn/x86_64-4.9.2-release-posix-seh-rt_v4-rev2/mingw64/x86_64-w64-mingw32/include/c++/stdexcept:119:5: note:   candidate expects 1 argument, 0 provided<br />
D:/Development/SFMLearn/x86_64-4.9.2-release-posix-seh-rt_v4-rev2/mingw64/x86_64-w64-mingw32/include/c++/stdexcept:112:9: note: std::runtime_error::runtime_error(const std::runtime_error&amp;)<br />
   class runtime_error : public exception <br />
         ^<br />
D:/Development/SFMLearn/x86_64-4.9.2-release-posix-seh-rt_v4-rev2/mingw64/x86_64-w64-mingw32/include/c++/stdexcept:112:9: note:   candidate expects 1 argument, 0 provided<br />
<font color="#ff0000">D:\Development\dbflib\src\DBaseFile.cpp:203:3: error: 'tempContentsFileStream' is not a class, namespace, or enumeration</font><br />
   tempContentsFileStream::exceptions(std::ios::failbit);<br />
   ^<br />
<font color="#ff0000">D:\Development\dbflib\src\DBaseFile.cpp:208:30: error: use of deleted function 'noMemoryAvailableEx::noMemoryAvailableEx()'</font><br />
    throw noMemoryAvailableEx();<br />
                              ^<br />
In file included from D:\Development\dbflib\src\DBaseFile.cpp:9:0:<br />
include/DBaseFile.h:62:7: note: 'noMemoryAvailableEx::noMemoryAvailableEx()' is implicitly deleted because the default definition would be ill-formed:<br />
 class noMemoryAvailableEx : public std::runtime_error{};<br />
       ^<br />
<font color="#ff0000">include/DBaseFile.h:62:7: error: no matching function for call to 'std::runtime_error::runtime_error()'</font><br />
include/DBaseFile.h:62:7: note: candidates are:<br />
In file included from D:\Development\dbflib\src\DBaseFile.cpp:3:0:<br />
D:/Development/SFMLearn/x86_64-4.9.2-release-posix-seh-rt_v4-rev2/mingw64/x86_64-w64-mingw32/include/c++/stdexcept:119:5: note: std::runtime_error::runtime_error(const string&amp;)<br />
     runtime_error(const string&amp; __arg);<br />
     ^<br />
D:/Development/SFMLearn/x86_64-4.9.2-release-posix-seh-rt_v4-rev2/mingw64/x86_64-w64-mingw32/include/c++/stdexcept:119:5: note:   candidate expects 1 argument, 0 provided<br />
D:/Development/SFMLearn/x86_64-4.9.2-release-posix-seh-rt_v4-rev2/mingw64/x86_64-w64-mingw32/include/c++/stdexcept:112:9: note: std::runtime_error::runtime_error(const std::runtime_error&amp;)<br />
   class runtime_error : public exception <br />
         ^<br />
D:/Development/SFMLearn/x86_64-4.9.2-release-posix-seh-rt_v4-rev2/mingw64/x86_64-w64-mingw32/include/c++/stdexcept:112:9: note:   candidate expects 1 argument, 0 provided<br />
<font color="#ff0000">D:\Development\dbflib\src\DBaseFile.cpp:212:9: error: expected 'catch' before 'tempContentsFileStream'</font><br />
  return tempContentsFileStream.str();<br />
         ^<br />
<font color="#ff0000">D:\Development\dbflib\src\DBaseFile.cpp:212:9: error: expected '(' before 'tempContentsFileStream'</font><br />
<font color="#ff0000">D:\Development\dbflib\src\DBaseFile.cpp:212:9: error: 'tempContentsFileStream' does not name a type</font><br />
<font color="#ff0000">D:\Development\dbflib\src\DBaseFile.cpp:212:31: error: expected ')' before '.' token</font><br />
  return tempContentsFileStream.str();<br />
                               ^<br />
<font color="#ff0000">D:\Development\dbflib\src\DBaseFile.cpp:212:31: error: expected '{' before '.' token</font><br />
<font color="#ff0000">D:\Development\dbflib\src\DBaseFile.cpp:212:31: error: expected primary-expression before '.' token</font><br />
<font color="#0000ff">D:\Development\dbflib\src\DBaseFile.cpp:213:1: warning: no return statement in function returning non-void [-Wreturn-type]</font><br />
 }<br />
 ^<br />
<font color="#a00000">Process terminated with status 1 (0 minute(s), 0 second(s))</font><br />
<font color="#a00000">16 error(s), 4 warning(s) (0 minute(s), 0 second(s))</font><br />
</tt>
</body>
</html>
